<?xml version="1.0" encoding="UTF-8"?>
<testng-results ignored="0" total="1" passed="1" failed="0" skipped="0">
  <reporter-output>
  </reporter-output>
  <suite started-at="2021-05-25T11:15:33Z" name="Guru99 App Test automtion regression suite only login " finished-at="2021-05-25T11:16:00Z" duration-ms="27350">
    <groups>
    </groups>
    <test started-at="2021-05-25T11:15:33Z" name="Day 6 TestCases" finished-at="2021-05-25T11:16:00Z" duration-ms="27350">
      <class name="com.qa.guru2.Tests.ViewOrderPageTest">
        <test-method is-config="true" signature="setUp()[pri:0, instance:com.qa.guru2.Tests.ViewOrderPageTest@6a84a97d]" started-at="2021-05-25T11:15:33Z" name="setUp" finished-at="2021-05-25T11:15:43Z" duration-ms="10618" status="PASS">
          <reporter-output>
          </reporter-output>
        </test-method> <!-- setUp -->
        <test-method is-config="true" signature="getViewOrderPageSetup()[pri:0, instance:com.qa.guru2.Tests.ViewOrderPageTest@6a84a97d]" started-at="2021-05-25T11:15:43Z" name="getViewOrderPageSetup" finished-at="2021-05-25T11:15:58Z" duration-ms="14957" status="PASS">
          <reporter-output>
          </reporter-output>
        </test-method> <!-- getViewOrderPageSetup -->
        <test-method signature="getViewOrderPageHeaderTest()[pri:0, instance:com.qa.guru2.Tests.ViewOrderPageTest@6a84a97d]" started-at="2021-05-25T11:15:58Z" name="getViewOrderPageHeaderTest" finished-at="2021-05-25T11:15:59Z" duration-ms="671" status="PASS">
          <reporter-output>
          </reporter-output>
        </test-method> <!-- getViewOrderPageHeaderTest -->
        <test-method is-config="true" signature="tearDown()[pri:0, instance:com.qa.guru2.Tests.ViewOrderPageTest@6a84a97d]" started-at="2021-05-25T11:15:59Z" name="tearDown" finished-at="2021-05-25T11:16:00Z" duration-ms="850" status="PASS">
          <reporter-output>
          </reporter-output>
        </test-method> <!-- tearDown -->
      </class> <!-- com.qa.guru2.Tests.ViewOrderPageTest -->
    </test> <!-- Day 6 TestCases -->
  </suite> <!-- Guru99 App Test automtion regression suite only login  -->
</testng-results>
