<?xml version="1.0" encoding="UTF-8"?>
<testng-results ignored="0" total="1" passed="1" failed="0" skipped="0">
  <reporter-output>
  </reporter-output>
  <suite started-at="2021-06-05T10:14:44Z" name="Default suite" finished-at="2021-06-05T10:15:10Z" duration-ms="26376">
    <groups>
    </groups>
    <test started-at="2021-06-05T10:14:44Z" name="Default test" finished-at="2021-06-05T10:15:10Z" duration-ms="26376">
      <class name="com.qa.guru2.TestCases.Day09TestCaseFlow">
        <test-method is-config="true" signature="setUp()[pri:0, instance:com.qa.guru2.TestCases.Day09TestCaseFlow@1cbb87f3]" started-at="2021-06-05T10:14:44Z" name="setUp" finished-at="2021-06-05T10:14:52Z" duration-ms="8498" status="PASS">
          <reporter-output>
          </reporter-output>
        </test-method> <!-- setUp -->
        <test-method signature="day9Test()[pri:0, instance:com.qa.guru2.TestCases.Day09TestCaseFlow@1cbb87f3]" started-at="2021-06-05T10:14:52Z" name="day9Test" finished-at="2021-06-05T10:15:09Z" duration-ms="16975" status="PASS">
          <reporter-output>
          </reporter-output>
        </test-method> <!-- day9Test -->
        <test-method is-config="true" signature="tearDown()[pri:0, instance:com.qa.guru2.TestCases.Day09TestCaseFlow@1cbb87f3]" started-at="2021-06-05T10:15:09Z" name="tearDown" finished-at="2021-06-05T10:15:10Z" duration-ms="727" status="PASS">
          <reporter-output>
          </reporter-output>
        </test-method> <!-- tearDown -->
      </class> <!-- com.qa.guru2.TestCases.Day09TestCaseFlow -->
    </test> <!-- Default test -->
  </suite> <!-- Default suite -->
</testng-results>
